<?xml version="1.0" encoding="UTF-8" ?>
<testsuite failures="0" time="0.409" errors="0" skipped="0" tests="9" name="com.zju.webapp.controller.UserFormControllerTest">
  <properties>
[...]
</properties>
  <testcase time="0.027" classname="com.zju.webapp.controller.UserFormControllerTest" name="testAdd"/>
  <testcase time="0.004" classname="com.zju.webapp.controller.UserFormControllerTest" name="testAddWithoutPermission"/>
  <testcase time="0.012" classname="com.zju.webapp.controller.UserFormControllerTest" name="testCancel"/>
  <testcase time="0.01" classname="com.zju.webapp.controller.UserFormControllerTest" name="testEdit"/>
  <testcase time="0.005" classname="com.zju.webapp.controller.UserFormControllerTest" name="testEditWithoutPermission"/>
  <testcase time="0.007" classname="com.zju.webapp.controller.UserFormControllerTest" name="testEditProfile"/>
  <testcase time="0.295" classname="com.zju.webapp.controller.UserFormControllerTest" name="testSave"/>
  <testcase time="0.008" classname="com.zju.webapp.controller.UserFormControllerTest" name="testAddWithMissingFields"/>
  <testcase time="0.017" classname="com.zju.webapp.controller.UserFormControllerTest" name="testRemove"/>
</testsuite>